
2022-10-11 09:52:11  | INFO | Purge post on transition post STATUS from publish to trash
2022-10-11 09:52:11  | INFO | * * * * *
2022-10-11 09:52:11  | INFO | * Blog :: Mon site Web ( 1 ).
2022-10-11 09:52:11  | INFO | * Custom post type 'post' :: Bonjour tout le monde&nbsp;! ( 1 ).
2022-10-11 09:52:11  | INFO | * CPT 'post' ( 1 ) published or edited and its status is published
2022-10-11 09:52:11  | INFO | * * * * *
2022-10-11 09:52:11  | INFO | Function purge_post BEGIN ===
2022-10-11 09:52:11  | INFO | Purge de la page d'accueil https://weoneit-integration.com/
2022-10-11 09:52:11  | INFO | - Purging URL | https://weoneit-integration.com/
2022-10-11 09:52:11  | INFO | https://weoneit-integration.com/--api/cache-purge/ : NOK


2022-10-11 09:52:11  | INFO | - - https://weoneit-integration.com/--api/cache-purge/ is currently not cached
2022-10-11 09:52:11  | INFO | https://weoneit-integration.com/--api/cache-purge/feed/ : NOK


2022-10-11 09:52:11  | INFO | - - https://weoneit-integration.com/--api/cache-purge/feed/ is currently not cached
2022-10-11 09:52:11  | INFO | https://weoneit-integration.com/--api/cache-purge/feed/atom/ : NOK


2022-10-11 09:52:11  | INFO | - - https://weoneit-integration.com/--api/cache-purge/feed/atom/ is currently not cached
2022-10-11 09:52:12  | INFO | https://weoneit-integration.com/--api/cache-purge/feed/rdf/ : NOK


2022-10-11 09:52:12  | INFO | - - https://weoneit-integration.com/--api/cache-purge/feed/rdf/ is currently not cached
2022-10-11 09:52:12  | INFO | Purging post ( id 1, blog id 1 ) 
2022-10-11 09:52:12  | INFO | - Purging URL | https://weoneit-integration.com/?p=1
2022-10-11 09:52:12  | INFO | https://weoneit-integration.com/--api/cache-purge/?p=1 : NOK


2022-10-11 09:52:12  | INFO | - - https://weoneit-integration.com/--api/cache-purge/?p=1 is currently not cached
2022-10-11 09:52:12  | INFO | https://weoneit-integration.com/--api/cache-purge/feed/ : NOK


2022-10-11 09:52:12  | INFO | - - https://weoneit-integration.com/--api/cache-purge/feed/ is currently not cached
2022-10-11 09:52:12  | INFO | https://weoneit-integration.com/--api/cache-purge/feed/atom/ : NOK


2022-10-11 09:52:12  | INFO | - - https://weoneit-integration.com/--api/cache-purge/feed/atom/ is currently not cached
2022-10-11 09:52:12  | INFO | https://weoneit-integration.com/--api/cache-purge/feed/rdf/ : NOK


2022-10-11 09:52:12  | INFO | - - https://weoneit-integration.com/--api/cache-purge/feed/rdf/ is currently not cached
2022-10-11 09:52:12  | INFO | Purging post type archive ( post )
2022-10-11 09:52:12  | INFO | - Purging URL | https://weoneit-integration.com
2022-10-11 09:52:12  | INFO | https://weoneit-integration.com/--api/cache-purge : <html>
<head><title>404 Not Found</title></head>
<body>
<center><h1>404 Not Found</h1></center>
<hr><center>nginx</center>
</body>
</html>


2022-10-11 09:52:12  | INFO | - - https://weoneit-integration.com/--api/cache-purge is currently not cached
2022-10-11 09:52:12  | INFO | https://weoneit-integration.com/--api/cache-purge/feed/ : NOK


2022-10-11 09:52:12  | INFO | - - https://weoneit-integration.com/--api/cache-purge/feed/ is currently not cached
2022-10-11 09:52:12  | INFO | https://weoneit-integration.com/--api/cache-purge/feed/atom/ : NOK


2022-10-11 09:52:12  | INFO | - - https://weoneit-integration.com/--api/cache-purge/feed/atom/ is currently not cached
2022-10-11 09:52:12  | INFO | https://weoneit-integration.com/--api/cache-purge/feed/rdf/ : NOK


2022-10-11 09:52:12  | INFO | - - https://weoneit-integration.com/--api/cache-purge/feed/rdf/ is currently not cached
2022-10-11 09:52:12  | INFO | Purging date
2022-10-11 09:52:12  | INFO | - Purging URL | https://weoneit-integration.com/2014/
2022-10-11 09:52:12  | INFO | https://weoneit-integration.com/--api/cache-purge/2014/ : NOK


2022-10-11 09:52:12  | INFO | - - https://weoneit-integration.com/--api/cache-purge/2014/ is currently not cached
2022-10-11 09:52:12  | INFO | https://weoneit-integration.com/--api/cache-purge/2014/feed/ : NOK


2022-10-11 09:52:12  | INFO | - - https://weoneit-integration.com/--api/cache-purge/2014/feed/ is currently not cached
2022-10-11 09:52:12  | INFO | https://weoneit-integration.com/--api/cache-purge/2014/feed/atom/ : NOK


2022-10-11 09:52:12  | INFO | - - https://weoneit-integration.com/--api/cache-purge/2014/feed/atom/ is currently not cached
2022-10-11 09:52:12  | INFO | https://weoneit-integration.com/--api/cache-purge/2014/feed/rdf/ : NOK


2022-10-11 09:52:12  | INFO | - - https://weoneit-integration.com/--api/cache-purge/2014/feed/rdf/ is currently not cached
2022-10-11 09:52:12  | INFO | - Purging URL | https://weoneit-integration.com/2014/09/
2022-10-11 09:52:12  | INFO | https://weoneit-integration.com/--api/cache-purge/2014/09/ : NOK


2022-10-11 09:52:12  | INFO | - - https://weoneit-integration.com/--api/cache-purge/2014/09/ is currently not cached
2022-10-11 09:52:12  | INFO | https://weoneit-integration.com/--api/cache-purge/2014/09/feed/ : NOK


2022-10-11 09:52:12  | INFO | - - https://weoneit-integration.com/--api/cache-purge/2014/09/feed/ is currently not cached
2022-10-11 09:52:12  | INFO | https://weoneit-integration.com/--api/cache-purge/2014/09/feed/atom/ : NOK


2022-10-11 09:52:12  | INFO | - - https://weoneit-integration.com/--api/cache-purge/2014/09/feed/atom/ is currently not cached
2022-10-11 09:52:12  | INFO | https://weoneit-integration.com/--api/cache-purge/2014/09/feed/rdf/ : NOK


2022-10-11 09:52:12  | INFO | - - https://weoneit-integration.com/--api/cache-purge/2014/09/feed/rdf/ is currently not cached
2022-10-11 09:52:12  | INFO | - Purging URL | https://weoneit-integration.com/2014/09/05/
2022-10-11 09:52:12  | INFO | https://weoneit-integration.com/--api/cache-purge/2014/09/05/ : NOK


2022-10-11 09:52:12  | INFO | - - https://weoneit-integration.com/--api/cache-purge/2014/09/05/ is currently not cached
2022-10-11 09:52:12  | INFO | https://weoneit-integration.com/--api/cache-purge/2014/09/05/feed/ : NOK


2022-10-11 09:52:12  | INFO | - - https://weoneit-integration.com/--api/cache-purge/2014/09/05/feed/ is currently not cached
2022-10-11 09:52:12  | INFO | https://weoneit-integration.com/--api/cache-purge/2014/09/05/feed/atom/ : NOK


2022-10-11 09:52:12  | INFO | - - https://weoneit-integration.com/--api/cache-purge/2014/09/05/feed/atom/ is currently not cached
2022-10-11 09:52:12  | INFO | https://weoneit-integration.com/--api/cache-purge/2014/09/05/feed/rdf/ : NOK


2022-10-11 09:52:12  | INFO | - - https://weoneit-integration.com/--api/cache-purge/2014/09/05/feed/rdf/ is currently not cached
2022-10-11 09:52:12  | INFO | Purging category archives
2022-10-11 09:52:12  | INFO | Purging category 1
2022-10-11 09:52:12  | INFO | - Purging URL | https://weoneit-integration.com/category/non-classe/
2022-10-11 09:52:12  | INFO | https://weoneit-integration.com/--api/cache-purge/category/non-classe/ : NOK


2022-10-11 09:52:12  | INFO | - - https://weoneit-integration.com/--api/cache-purge/category/non-classe/ is currently not cached
2022-10-11 09:52:12  | INFO | https://weoneit-integration.com/--api/cache-purge/category/non-classe/feed/ : NOK


2022-10-11 09:52:12  | INFO | - - https://weoneit-integration.com/--api/cache-purge/category/non-classe/feed/ is currently not cached
2022-10-11 09:52:12  | INFO | https://weoneit-integration.com/--api/cache-purge/category/non-classe/feed/atom/ : NOK


2022-10-11 09:52:12  | INFO | - - https://weoneit-integration.com/--api/cache-purge/category/non-classe/feed/atom/ is currently not cached
2022-10-11 09:52:12  | INFO | https://weoneit-integration.com/--api/cache-purge/category/non-classe/feed/rdf/ : NOK


2022-10-11 09:52:12  | INFO | - - https://weoneit-integration.com/--api/cache-purge/category/non-classe/feed/rdf/ is currently not cached
2022-10-11 09:52:12  | INFO | Purging author archive
2022-10-11 09:52:12  | INFO | - Purging URL | https://weoneit-integration.com/author/admin/
2022-10-11 09:52:12  | INFO | https://weoneit-integration.com/--api/cache-purge/author/admin/ : NOK


2022-10-11 09:52:12  | INFO | - - https://weoneit-integration.com/--api/cache-purge/author/admin/ is currently not cached
2022-10-11 09:52:12  | INFO | https://weoneit-integration.com/--api/cache-purge/author/admin/feed/ : NOK


2022-10-11 09:52:12  | INFO | - - https://weoneit-integration.com/--api/cache-purge/author/admin/feed/ is currently not cached
2022-10-11 09:52:12  | INFO | https://weoneit-integration.com/--api/cache-purge/author/admin/feed/atom/ : NOK


2022-10-11 09:52:12  | INFO | - - https://weoneit-integration.com/--api/cache-purge/author/admin/feed/atom/ is currently not cached
2022-10-11 09:52:12  | INFO | https://weoneit-integration.com/--api/cache-purge/author/admin/feed/rdf/ : NOK


2022-10-11 09:52:12  | INFO | - - https://weoneit-integration.com/--api/cache-purge/author/admin/feed/rdf/ is currently not cached
2022-10-11 09:52:12  | INFO | Function purge_post END ^^^
2022-10-11 09:52:12  | INFO | # # # # #
2022-10-11 09:52:12  | INFO | # Post 'Bonjour tout le monde&nbsp;!' (  id 1 ) moved to the trash.
2022-10-11 09:52:12  | INFO | # # # # #
2022-10-11 09:52:12  | INFO | Function purge_on_post_moved_to_trash ( post id 1 ) BEGIN ===
2022-10-11 09:52:12  | INFO | Purge de la page d'accueil https://weoneit-integration.com/
2022-10-11 09:52:12  | INFO | - Purging URL | https://weoneit-integration.com/
2022-10-11 09:52:12  | INFO | https://weoneit-integration.com/--api/cache-purge/ : NOK


2022-10-11 09:52:12  | INFO | - - https://weoneit-integration.com/--api/cache-purge/ is currently not cached
2022-10-11 09:52:12  | INFO | https://weoneit-integration.com/--api/cache-purge/feed/ : NOK


2022-10-11 09:52:12  | INFO | - - https://weoneit-integration.com/--api/cache-purge/feed/ is currently not cached
2022-10-11 09:52:12  | INFO | https://weoneit-integration.com/--api/cache-purge/feed/atom/ : NOK


2022-10-11 09:52:12  | INFO | - - https://weoneit-integration.com/--api/cache-purge/feed/atom/ is currently not cached
2022-10-11 09:52:12  | INFO | https://weoneit-integration.com/--api/cache-purge/feed/rdf/ : NOK


2022-10-11 09:52:12  | INFO | - - https://weoneit-integration.com/--api/cache-purge/feed/rdf/ is currently not cached
2022-10-11 09:52:12  | INFO | Purging post ( id 1, blog id 1 ) 
2022-10-11 09:52:12  | INFO | - Purging URL | https://weoneit-integration.com/?p=1
2022-10-11 09:52:12  | INFO | https://weoneit-integration.com/--api/cache-purge/?p=1 : NOK


2022-10-11 09:52:12  | INFO | - - https://weoneit-integration.com/--api/cache-purge/?p=1 is currently not cached
2022-10-11 09:52:13  | INFO | https://weoneit-integration.com/--api/cache-purge/feed/ : NOK


2022-10-11 09:52:13  | INFO | - - https://weoneit-integration.com/--api/cache-purge/feed/ is currently not cached
2022-10-11 09:52:13  | INFO | https://weoneit-integration.com/--api/cache-purge/feed/atom/ : NOK


2022-10-11 09:52:13  | INFO | - - https://weoneit-integration.com/--api/cache-purge/feed/atom/ is currently not cached
2022-10-11 09:52:13  | INFO | https://weoneit-integration.com/--api/cache-purge/feed/rdf/ : NOK


2022-10-11 09:52:13  | INFO | - - https://weoneit-integration.com/--api/cache-purge/feed/rdf/ is currently not cached
2022-10-11 09:52:13  | INFO | Purging post type archive ( post )
2022-10-11 09:52:13  | INFO | - Purging URL | https://weoneit-integration.com
2022-10-11 09:52:13  | INFO | https://weoneit-integration.com/--api/cache-purge : <html>
<head><title>404 Not Found</title></head>
<body>
<center><h1>404 Not Found</h1></center>
<hr><center>nginx</center>
</body>
</html>


2022-10-11 09:52:13  | INFO | - - https://weoneit-integration.com/--api/cache-purge is currently not cached
2022-10-11 09:52:13  | INFO | https://weoneit-integration.com/--api/cache-purge/feed/ : NOK


2022-10-11 09:52:13  | INFO | - - https://weoneit-integration.com/--api/cache-purge/feed/ is currently not cached
2022-10-11 09:52:13  | INFO | https://weoneit-integration.com/--api/cache-purge/feed/atom/ : NOK


2022-10-11 09:52:13  | INFO | - - https://weoneit-integration.com/--api/cache-purge/feed/atom/ is currently not cached
2022-10-11 09:52:13  | INFO | https://weoneit-integration.com/--api/cache-purge/feed/rdf/ : NOK


2022-10-11 09:52:13  | INFO | - - https://weoneit-integration.com/--api/cache-purge/feed/rdf/ is currently not cached
2022-10-11 09:52:13  | INFO | Purging date
2022-10-11 09:52:13  | INFO | - Purging URL | https://weoneit-integration.com/2014/
2022-10-11 09:52:13  | INFO | https://weoneit-integration.com/--api/cache-purge/2014/ : NOK


2022-10-11 09:52:13  | INFO | - - https://weoneit-integration.com/--api/cache-purge/2014/ is currently not cached
2022-10-11 09:52:13  | INFO | https://weoneit-integration.com/--api/cache-purge/2014/feed/ : NOK


2022-10-11 09:52:13  | INFO | - - https://weoneit-integration.com/--api/cache-purge/2014/feed/ is currently not cached
2022-10-11 09:52:13  | INFO | https://weoneit-integration.com/--api/cache-purge/2014/feed/atom/ : NOK


2022-10-11 09:52:13  | INFO | - - https://weoneit-integration.com/--api/cache-purge/2014/feed/atom/ is currently not cached
2022-10-11 09:52:13  | INFO | https://weoneit-integration.com/--api/cache-purge/2014/feed/rdf/ : NOK


2022-10-11 09:52:13  | INFO | - - https://weoneit-integration.com/--api/cache-purge/2014/feed/rdf/ is currently not cached
2022-10-11 09:52:13  | INFO | - Purging URL | https://weoneit-integration.com/2014/09/
2022-10-11 09:52:13  | INFO | https://weoneit-integration.com/--api/cache-purge/2014/09/ : NOK


2022-10-11 09:52:13  | INFO | - - https://weoneit-integration.com/--api/cache-purge/2014/09/ is currently not cached
2022-10-11 09:52:13  | INFO | https://weoneit-integration.com/--api/cache-purge/2014/09/feed/ : NOK


2022-10-11 09:52:13  | INFO | - - https://weoneit-integration.com/--api/cache-purge/2014/09/feed/ is currently not cached
2022-10-11 09:52:13  | INFO | https://weoneit-integration.com/--api/cache-purge/2014/09/feed/atom/ : NOK


2022-10-11 09:52:13  | INFO | - - https://weoneit-integration.com/--api/cache-purge/2014/09/feed/atom/ is currently not cached
2022-10-11 09:52:13  | INFO | https://weoneit-integration.com/--api/cache-purge/2014/09/feed/rdf/ : NOK


2022-10-11 09:52:13  | INFO | - - https://weoneit-integration.com/--api/cache-purge/2014/09/feed/rdf/ is currently not cached
2022-10-11 09:52:13  | INFO | - Purging URL | https://weoneit-integration.com/2014/09/05/
2022-10-11 09:52:13  | INFO | https://weoneit-integration.com/--api/cache-purge/2014/09/05/ : NOK


2022-10-11 09:52:13  | INFO | - - https://weoneit-integration.com/--api/cache-purge/2014/09/05/ is currently not cached
2022-10-11 09:52:13  | INFO | https://weoneit-integration.com/--api/cache-purge/2014/09/05/feed/ : NOK


2022-10-11 09:52:13  | INFO | - - https://weoneit-integration.com/--api/cache-purge/2014/09/05/feed/ is currently not cached
2022-10-11 09:52:13  | INFO | https://weoneit-integration.com/--api/cache-purge/2014/09/05/feed/atom/ : NOK


2022-10-11 09:52:13  | INFO | - - https://weoneit-integration.com/--api/cache-purge/2014/09/05/feed/atom/ is currently not cached
2022-10-11 09:52:13  | INFO | https://weoneit-integration.com/--api/cache-purge/2014/09/05/feed/rdf/ : NOK


2022-10-11 09:52:13  | INFO | - - https://weoneit-integration.com/--api/cache-purge/2014/09/05/feed/rdf/ is currently not cached
2022-10-11 09:52:13  | INFO | Purging category archives
2022-10-11 09:52:13  | INFO | Purging category 1
2022-10-11 09:52:13  | INFO | - Purging URL | https://weoneit-integration.com/category/non-classe/
2022-10-11 09:52:13  | INFO | https://weoneit-integration.com/--api/cache-purge/category/non-classe/ : NOK


2022-10-11 09:52:13  | INFO | - - https://weoneit-integration.com/--api/cache-purge/category/non-classe/ is currently not cached
2022-10-11 09:52:13  | INFO | https://weoneit-integration.com/--api/cache-purge/category/non-classe/feed/ : NOK


2022-10-11 09:52:13  | INFO | - - https://weoneit-integration.com/--api/cache-purge/category/non-classe/feed/ is currently not cached
2022-10-11 09:52:13  | INFO | https://weoneit-integration.com/--api/cache-purge/category/non-classe/feed/atom/ : NOK


2022-10-11 09:52:13  | INFO | - - https://weoneit-integration.com/--api/cache-purge/category/non-classe/feed/atom/ is currently not cached
2022-10-11 09:52:13  | INFO | https://weoneit-integration.com/--api/cache-purge/category/non-classe/feed/rdf/ : NOK


2022-10-11 09:52:13  | INFO | - - https://weoneit-integration.com/--api/cache-purge/category/non-classe/feed/rdf/ is currently not cached
2022-10-11 09:52:13  | INFO | Purging author archive
2022-10-11 09:52:13  | INFO | - Purging URL | https://weoneit-integration.com/author/admin/
2022-10-11 09:52:13  | INFO | https://weoneit-integration.com/--api/cache-purge/author/admin/ : NOK


2022-10-11 09:52:13  | INFO | - - https://weoneit-integration.com/--api/cache-purge/author/admin/ is currently not cached
2022-10-11 09:52:13  | INFO | https://weoneit-integration.com/--api/cache-purge/author/admin/feed/ : NOK


2022-10-11 09:52:13  | INFO | - - https://weoneit-integration.com/--api/cache-purge/author/admin/feed/ is currently not cached
2022-10-11 09:52:13  | INFO | https://weoneit-integration.com/--api/cache-purge/author/admin/feed/atom/ : NOK


2022-10-11 09:52:13  | INFO | - - https://weoneit-integration.com/--api/cache-purge/author/admin/feed/atom/ is currently not cached
2022-10-11 09:52:13  | INFO | https://weoneit-integration.com/--api/cache-purge/author/admin/feed/rdf/ : NOK


2022-10-11 09:52:13  | INFO | - - https://weoneit-integration.com/--api/cache-purge/author/admin/feed/rdf/ is currently not cached
2022-10-11 09:52:13  | INFO | Function purge_on_post_moved_to_trash ( post id 1 ) END ===